<?xml version="1.0" encoding="UTF-8"?>
<!-- Generated by org.testng.reporters.JUnitReportReporter -->
<testsuite hostname="DESKTOP-D6DO249" failures="0" tests="1" name="com.grouping.GroupingTestNG" time="2.117" errors="0" timestamp="2022-07-03T17:34:56 EDT" skipped="0">
  <testcase classname="com.grouping.GroupingTestNG" name="login" time="2.117"/>
  <system-out/>
</testsuite> <!-- com.grouping.GroupingTestNG -->
